program:
	|__body:
		|__My_pro:
			|__args:
				|__j
				
				|__k
			
			|__func_body:
				|__=:
					|__j
					
					|__+:
						|__2
						
						|__**:
							|__3
							
							|__*:
								|__2
								
								|__**:
									|__9
									
									|__0
				
				|__=:
					|__k
					
					|__call func fib:
						|__args:
							|__j
	
	|__fib:
		|__args:
			|__n
		
		|__func_body:
			|__if:
				|__||:
					|__==:
						|__n
						
						|__1
					
					|__==:
						|__n
						
						|__2
				
				|__func_body:
					|__return:
						|__1
				
				|__else:
					|__func_body:
						|__return:
							|__n
			
			|__if:
				|__==:
					|__n
					
					|__0
				
				|__func_body:
					|__return:
						|__0
				
				|__else:
					|__func_body:
						|__
			
			|__=:
				|__f_1
				
				|__0
			
			|__=:
				|__f_2
				
				|__1
			
			|__=:
				|__i
				
				|__1
			
			|__while:
				|__<=:
					|__i
					
					|__n
				
				|__func_body:
					|__=:
						|__f_1
						
						|__+:
							|__f_2
							
							|__f_1
					
					|__=:
						|__f_2
						
						|__-:
							|__f_1
							
							|__f_2
					
					|__=:
						|__i
						
						|__+:
							|__i
							
							|__1
					
					|__return:
						|__f1